[debug] [2021-02-15T22:44:59.174Z] ----------------------------------------------------------------------
[debug] [2021-02-15T22:44:59.177Z] Command:       /usr/local/bin/node /usr/local/bin/firebase init
[debug] [2021-02-15T22:44:59.177Z] CLI Version:   9.3.0
[debug] [2021-02-15T22:44:59.177Z] Platform:      darwin
[debug] [2021-02-15T22:44:59.177Z] Node Version:  v12.18.2
[debug] [2021-02-15T22:44:59.178Z] Time:          Mon Feb 15 2021 17:44:59 GMT-0500 (Eastern Standard Time)
[debug] [2021-02-15T22:44:59.178Z] ----------------------------------------------------------------------
[debug] [2021-02-15T22:44:59.178Z] 
[debug] [2021-02-15T22:44:59.183Z] > command requires scopes: ["email","openid","https://www.googleapis.com/auth/cloudplatformprojects.readonly","https://www.googleapis.com/auth/firebase","https://www.googleapis.com/auth/cloud-platform"]
[debug] [2021-02-15T22:44:59.184Z] > authorizing via signed-in user
[info] 
     ######## #### ########  ######## ########     ###     ######  ########
     ##        ##  ##     ## ##       ##     ##  ##   ##  ##       ##
     ######    ##  ########  ######   ########  #########  ######  ######
     ##        ##  ##    ##  ##       ##     ## ##     ##       ## ##
     ##       #### ##     ## ######## ########  ##     ##  ######  ########

You're about to initialize a Firebase project in this directory:

  /Volumes/Macintosh HD/job/projects for resume/portfolio/frontend

Before we get started, keep in mind:

  * You are currently outside your home directory
  * You are initializing in an existing Firebase project directory

[info] 
=== Project Setup
[info] 
[info] First, let's associate this project directory with a Firebase project.
[info] You can create multiple project aliases by running firebase use --add, 
[info] but for now we'll just set up a default project.
[info] 
[info] i  .firebaserc already has a default project, using ninjia-test. 
[debug] [2021-02-15T22:45:31.325Z] > refreshing access token with scopes: []
[debug] [2021-02-15T22:45:31.326Z] >>> HTTP REQUEST POST https://www.googleapis.com/oauth2/v3/token  
 <request body omitted>
[debug] [2021-02-15T22:45:31.442Z] <<< HTTP RESPONSE 200 {"date":"Mon, 15 Feb 2021 22:45:30 GMT","cache-control":"no-cache, no-store, max-age=0, must-revalidate","expires":"Mon, 01 Jan 1990 00:00:00 GMT","pragma":"no-cache","content-type":"application/json; charset=utf-8","vary":"X-Origin, Referer, Origin,Accept-Encoding","server":"scaffolding on HTTPServer2","x-xss-protection":"0","x-frame-options":"SAMEORIGIN","x-content-type-options":"nosniff","alt-svc":"h3-29=\":443\"; ma=2592000,h3-T051=\":443\"; ma=2592000,h3-Q050=\":443\"; ma=2592000,h3-Q046=\":443\"; ma=2592000,h3-Q043=\":443\"; ma=2592000,quic=\":443\"; ma=2592000; v=\"46,43\"","accept-ranges":"none","transfer-encoding":"chunked"}
[debug] [2021-02-15T22:45:31.460Z] >>> [apiv2][query] GET https://firebase.googleapis.com/v1beta1/projects/ninjia-test [none]
[debug] [2021-02-15T22:45:31.697Z] <<< [apiv2][status] GET https://firebase.googleapis.com/v1beta1/projects/ninjia-test 403
[debug] [2021-02-15T22:45:31.698Z] <<< [apiv2][body] GET https://firebase.googleapis.com/v1beta1/projects/ninjia-test {"error":{"code":403,"message":"The caller does not have permission","status":"PERMISSION_DENIED"}}
[debug] [2021-02-15T22:45:31.698Z] HTTP Error: 403, The caller does not have permission
[debug] [2021-02-15T22:45:31.777Z] FirebaseError: HTTP Error: 403, The caller does not have permission
    at module.exports (/usr/local/lib/node_modules/firebase-tools/lib/responseToError.js:38:12)
    at Client.doRequest (/usr/local/lib/node_modules/firebase-tools/lib/apiv2.js:227:23)
    at processTicksAndRejections (internal/process/task_queues.js:97:5)
    at async Client.request (/usr/local/lib/node_modules/firebase-tools/lib/apiv2.js:93:20)
    at async Object.getFirebaseProject (/usr/local/lib/node_modules/firebase-tools/lib/management/projects.js:289:21)
    at async Object.doSetup [as project] (/usr/local/lib/node_modules/firebase-tools/lib/init/features/project.js:77:27)
    at async init (/usr/local/lib/node_modules/firebase-tools/lib/init/index.js:19:9)
[error] 
[error] Error: Failed to get Firebase project ninjia-test. Please make sure the project exists and your account has permission to access it.
